<?xml version="1.0" encoding="UTF-8"?>
<!-- Generated by org.testng.reporters.JUnitReportReporter -->
<testsuite hostname="LAPTOP-5KJG784B" failures="0" tests="4" name="testcases.homepageVerification" time="0.209" errors="0" timestamp="2023-10-16T15:04:10 IST" skipped="0">
  <testcase classname="testcases.homepageVerification" name="verifyHomepageTitle" time="0.024"/>
  <testcase classname="testcases.homepageVerification" name="verifyHomepageLogo" time="0.083"/>
  <testcase classname="testcases.homepageVerification" name="verifyHomepageSearchBar" time="0.064"/>
  <testcase classname="testcases.homepageVerification" name="verifyHomepageSearchButton" time="0.038"/>
</testsuite> <!-- testcases.homepageVerification -->
