<?xml version="1.0" encoding="UTF-8"?>
<!-- Generated by org.testng.reporters.JUnitReportReporter -->
<testsuite hostname="LAPTOP-5KJG784B" failures="0" tests="4" name="testcases.TC_Basic_Functionality" time="93.011" errors="0" timestamp="2023-10-16T18:57:20 IST" skipped="0">
  <testcase classname="testcases.TC_Basic_Functionality" name="loginTo_eBayAccount" time="30.384"/>
  <testcase classname="testcases.TC_Basic_Functionality" name="searchforAProduct" time="17.025"/>
  <testcase classname="testcases.TC_Basic_Functionality" name="addItemToCart" time="23.746"/>
  <testcase classname="testcases.TC_Basic_Functionality" name="checkOutProcess" time="21.856"/>
</testsuite> <!-- testcases.TC_Basic_Functionality -->
