<?xml version="1.0" encoding="UTF-8"?>
<!-- Generated by org.testng.reporters.JUnitReportReporter -->
<testsuite hostname="LAPTOP-5KJG784B" failures="0" tests="4" name="testcases.TC_Basic_Functionality" time="53.849" errors="0" timestamp="2023-10-17T08:28:05 IST" skipped="0">
  <testcase classname="testcases.TC_Basic_Functionality" name="loginTo_eBayAccount" time="10.840"/>
  <testcase classname="testcases.TC_Basic_Functionality" name="searchforAProduct" time="6.763"/>
  <testcase classname="testcases.TC_Basic_Functionality" name="addItemToCart" time="13.079"/>
  <testcase classname="testcases.TC_Basic_Functionality" name="checkOutProcess" time="23.167"/>
</testsuite> <!-- testcases.TC_Basic_Functionality -->
