<?xml version="1.0" encoding="UTF-8"?>
<!-- Generated by org.testng.reporters.JUnitReportReporter -->
<testsuite hostname="LAPTOP-5KJG784B" failures="0" tests="4" name="testcases.TC_homepageVerification" time="0.232" errors="0" timestamp="2023-10-16T15:10:34 IST" skipped="0">
  <testcase classname="testcases.TC_homepageVerification" name="verifyHomepageTitle" time="0.021"/>
  <testcase classname="testcases.TC_homepageVerification" name="verifyHomepageLogo" time="0.104"/>
  <testcase classname="testcases.TC_homepageVerification" name="verifyHomepageSearchBar" time="0.068"/>
  <testcase classname="testcases.TC_homepageVerification" name="verifyHomepageSearchButton" time="0.039"/>
</testsuite> <!-- testcases.TC_homepageVerification -->
