<?xml version="1.0" encoding="UTF-8"?>
<!-- Generated by org.testng.reporters.JUnitReportReporter -->
<testsuite hostname="LAPTOP-5KJG784B" failures="0" tests="4" name="testcases.TC_homepageVerification" time="0.250" errors="0" timestamp="2023-10-17T08:28:05 IST" skipped="0">
  <testcase classname="testcases.TC_homepageVerification" name="verifyHomepageTitle" time="0.081"/>
  <testcase classname="testcases.TC_homepageVerification" name="verifyHomepageLogo" time="0.075"/>
  <testcase classname="testcases.TC_homepageVerification" name="verifyHomepageSearchBar" time="0.048"/>
  <testcase classname="testcases.TC_homepageVerification" name="verifyHomepageSearchButton" time="0.046"/>
</testsuite> <!-- testcases.TC_homepageVerification -->
