<?xml version="1.0" encoding="UTF-8"?>
<!-- Generated by org.testng.reporters.JUnitReportReporter -->
<testsuite hostname="LAPTOP-5KJG784B" failures="0" tests="1" name="testcases.verifyLoginTo_eBayAccount" time="33.791" errors="0" timestamp="2023-10-16T15:03:35 IST" skipped="0">
  <testcase classname="testcases.verifyLoginTo_eBayAccount" name="loginTo_eBayAccount" time="33.791"/>
</testsuite> <!-- testcases.verifyLoginTo_eBayAccount -->
